<?xml version="1.0" encoding="UTF-8"?>
<testng-results ignored="0" total="1" passed="1" failed="0" skipped="0">
  <reporter-output>
  </reporter-output>
  <suite started-at="2021-01-29T01:56:16 EST" name="Default suite" finished-at="2021-01-29T01:56:16 EST" duration-ms="57">
    <groups>
    </groups>
    <test started-at="2021-01-29T01:56:16 EST" name="Default test" finished-at="2021-01-29T01:56:16 EST" duration-ms="57">
      <class name="Booking.Bookings">
        <test-method signature="booking()[pri:0, instance:Booking.Bookings@2f465398]" started-at="2021-01-29T01:56:16 EST" name="booking" finished-at="2021-01-29T01:56:16 EST" duration-ms="10" status="PASS">
          <reporter-output>
          </reporter-output>
        </test-method> <!-- booking -->
      </class> <!-- Booking.Bookings -->
    </test> <!-- Default test -->
  </suite> <!-- Default suite -->
</testng-results>
